<?xml version="1.0" encoding="UTF-8"?>
<testsuite xmlns:xsi="http://www.w3.org/2001/XMLSchema-instance" xsi:noNamespaceSchemaLocation="https://maven.apache.org/surefire/maven-surefire-plugin/xsd/surefire-test-report-3.0.xsd" version="3.0" name="main.java.webapp.storage.memory.MapUuidStorageTest" time="0.015" tests="10" errors="0" skipped="0" failures="0">
  <properties>
[...]
</properties>
  <testcase name="updateNotExist" classname="main.java.webapp.storage.memory.MapUuidStorageTest" time="0.002">
    <system-err><![CDATA[сент. 19, 2025 6:42:49 PM webapp.storage.AbstractStorage save
INFO: &amp#27;[32mSave uuid1(Name1)
сент. 19, 2025 6:42:49 PM webapp.storage.AbstractStorage save
INFO: &amp#27;[32mSave uuid2(Name2)
сент. 19, 2025 6:42:49 PM webapp.storage.AbstractStorage save
INFO: &amp#27;[32mSave uuid3(Name3)
сент. 19, 2025 6:42:49 PM webapp.storage.AbstractStorage update
INFO: Update c2740ba8-05dd-41f2-9a62-658cb1744f90(dummy)
сент. 19, 2025 6:42:49 PM webapp.storage.AbstractStorage getFindIndex
WARNING: Resume c2740ba8-05dd-41f2-9a62-658cb1744f90 not exist
]]></system-err>
  </testcase>
  <testcase name="delete" classname="main.java.webapp.storage.memory.MapUuidStorageTest" time="0.001">
    <system-err><![CDATA[сент. 19, 2025 6:42:49 PM webapp.storage.AbstractStorage save
INFO: &amp#27;[32mSave uuid1(Name1)
сент. 19, 2025 6:42:49 PM webapp.storage.AbstractStorage save
INFO: &amp#27;[32mSave uuid2(Name2)
сент. 19, 2025 6:42:49 PM webapp.storage.AbstractStorage save
INFO: &amp#27;[32mSave uuid3(Name3)
сент. 19, 2025 6:42:49 PM webapp.storage.AbstractStorage delete
INFO: Delete uuid1
сент. 19, 2025 6:42:49 PM webapp.storage.AbstractStorage get
INFO: Get uuid1
сент. 19, 2025 6:42:49 PM webapp.storage.AbstractStorage getFindIndex
WARNING: Resume uuid1 not exist
]]></system-err>
  </testcase>
  <testcase name="getAll" classname="main.java.webapp.storage.memory.MapUuidStorageTest" time="0.0">
    <system-err><![CDATA[сент. 19, 2025 6:42:49 PM webapp.storage.AbstractStorage save
INFO: &amp#27;[32mSave uuid1(Name1)
сент. 19, 2025 6:42:49 PM webapp.storage.AbstractStorage save
INFO: &amp#27;[32mSave uuid2(Name2)
сент. 19, 2025 6:42:49 PM webapp.storage.AbstractStorage save
INFO: &amp#27;[32mSave uuid3(Name3)
сент. 19, 2025 6:42:49 PM webapp.storage.AbstractStorage getAllSorted
INFO: getAllSorted
]]></system-err>
  </testcase>
  <testcase name="update" classname="main.java.webapp.storage.memory.MapUuidStorageTest" time="0.0">
    <system-err><![CDATA[сент. 19, 2025 6:42:49 PM webapp.storage.AbstractStorage save
INFO: &amp#27;[32mSave uuid1(Name1)
сент. 19, 2025 6:42:49 PM webapp.storage.AbstractStorage save
INFO: &amp#27;[32mSave uuid2(Name2)
сент. 19, 2025 6:42:49 PM webapp.storage.AbstractStorage save
INFO: &amp#27;[32mSave uuid3(Name3)
сент. 19, 2025 6:42:49 PM webapp.storage.AbstractStorage update
INFO: Update uuid3(Name3)
сент. 19, 2025 6:42:49 PM webapp.storage.AbstractStorage get
INFO: Get uuid3
]]></system-err>
  </testcase>
  <testcase name="getNotExist" classname="main.java.webapp.storage.memory.MapUuidStorageTest" time="0.005">
    <system-err><![CDATA[сент. 19, 2025 6:42:49 PM webapp.storage.AbstractStorage save
INFO: &amp#27;[32mSave uuid1(Name1)
сент. 19, 2025 6:42:49 PM webapp.storage.AbstractStorage save
INFO: &amp#27;[32mSave uuid2(Name2)
сент. 19, 2025 6:42:49 PM webapp.storage.AbstractStorage save
INFO: &amp#27;[32mSave uuid3(Name3)
сент. 19, 2025 6:42:49 PM webapp.storage.AbstractStorage get
INFO: Get dummy
сент. 19, 2025 6:42:49 PM webapp.storage.AbstractStorage getFindIndex
WARNING: Resume dummy not exist
]]></system-err>
  </testcase>
  <testcase name="deleteNotExist" classname="main.java.webapp.storage.memory.MapUuidStorageTest" time="0.001">
    <system-err><![CDATA[сент. 19, 2025 6:42:49 PM webapp.storage.AbstractStorage save
INFO: &amp#27;[32mSave uuid1(Name1)
сент. 19, 2025 6:42:49 PM webapp.storage.AbstractStorage save
INFO: &amp#27;[32mSave uuid2(Name2)
сент. 19, 2025 6:42:49 PM webapp.storage.AbstractStorage save
INFO: &amp#27;[32mSave uuid3(Name3)
сент. 19, 2025 6:42:49 PM webapp.storage.AbstractStorage delete
INFO: Delete dummy
сент. 19, 2025 6:42:49 PM webapp.storage.AbstractStorage getFindIndex
WARNING: Resume dummy not exist
]]></system-err>
  </testcase>
  <testcase name="get" classname="main.java.webapp.storage.memory.MapUuidStorageTest" time="0.001">
    <system-err><![CDATA[сент. 19, 2025 6:42:49 PM webapp.storage.AbstractStorage save
INFO: &amp#27;[32mSave uuid1(Name1)
сент. 19, 2025 6:42:49 PM webapp.storage.AbstractStorage save
INFO: &amp#27;[32mSave uuid2(Name2)
сент. 19, 2025 6:42:49 PM webapp.storage.AbstractStorage save
INFO: &amp#27;[32mSave uuid3(Name3)
сент. 19, 2025 6:42:49 PM webapp.storage.AbstractStorage get
INFO: Get uuid1
сент. 19, 2025 6:42:49 PM webapp.storage.AbstractStorage get
INFO: Get uuid2
сент. 19, 2025 6:42:49 PM webapp.storage.AbstractStorage get
INFO: Get uuid3
]]></system-err>
  </testcase>
  <testcase name="save" classname="main.java.webapp.storage.memory.MapUuidStorageTest" time="0.001">
    <system-err><![CDATA[сент. 19, 2025 6:42:49 PM webapp.storage.AbstractStorage save
INFO: &amp#27;[32mSave uuid1(Name1)
сент. 19, 2025 6:42:49 PM webapp.storage.AbstractStorage save
INFO: &amp#27;[32mSave uuid2(Name2)
сент. 19, 2025 6:42:49 PM webapp.storage.AbstractStorage save
INFO: &amp#27;[32mSave uuid3(Name3)
сент. 19, 2025 6:42:49 PM webapp.storage.AbstractStorage save
INFO: &amp#27;[32mSave uuid4(Name4)
сент. 19, 2025 6:42:49 PM webapp.storage.AbstractStorage get
INFO: Get uuid4
]]></system-err>
  </testcase>
  <testcase name="size" classname="main.java.webapp.storage.memory.MapUuidStorageTest" time="0.001">
    <system-err><![CDATA[сент. 19, 2025 6:42:49 PM webapp.storage.AbstractStorage save
INFO: &amp#27;[32mSave uuid1(Name1)
сент. 19, 2025 6:42:49 PM webapp.storage.AbstractStorage save
INFO: &amp#27;[32mSave uuid2(Name2)
сент. 19, 2025 6:42:49 PM webapp.storage.AbstractStorage save
INFO: &amp#27;[32mSave uuid3(Name3)
]]></system-err>
  </testcase>
  <testcase name="clear" classname="main.java.webapp.storage.memory.MapUuidStorageTest" time="0.001">
    <system-err><![CDATA[сент. 19, 2025 6:42:49 PM webapp.storage.AbstractStorage save
INFO: &amp#27;[32mSave uuid1(Name1)
сент. 19, 2025 6:42:49 PM webapp.storage.AbstractStorage save
INFO: &amp#27;[32mSave uuid2(Name2)
сент. 19, 2025 6:42:49 PM webapp.storage.AbstractStorage save
INFO: &amp#27;[32mSave uuid3(Name3)
сент. 19, 2025 6:42:49 PM webapp.storage.AbstractStorage getAllSorted
INFO: getAllSorted
]]></system-err>
  </testcase>
</testsuite>